<?xml version="1.0" encoding="UTF-8"?>
<testsuite name="RepositoryTest" tests="1" skipped="0" failures="0" errors="0" timestamp="2018-11-09T00:46:05" hostname="esdras-Inspiron-15-3567" time="0.003">
  <properties/>
  <testcase name="testRepository" classname="RepositoryTest" time="0.003"/>
  <system-out><![CDATA[]]></system-out>
  <system-err><![CDATA[]]></system-err>
</testsuite>
