<?xml version="1.0" encoding="UTF-8"?>
<testsuite name="RepositoryTest" tests="1" skipped="0" failures="0" errors="0" timestamp="2018-10-14T15:55:24" hostname="esdras-Inspiron-15-3567" time="0.002">
  <properties/>
  <testcase name="testRepository" classname="RepositoryTest" time="0.002"/>
  <system-out><![CDATA[]]></system-out>
  <system-err><![CDATA[]]></system-err>
</testsuite>
