<?xml version="1.0" encoding="UTF-8"?>
<testsuite name="DddTest" tests="1" skipped="0" failures="0" errors="0" timestamp="2018-11-25T17:34:40" hostname="esdras-Inspiron-15-3567" time="0.004">
  <properties/>
  <testcase name="testRepository" classname="DddTest" time="0.004"/>
  <system-out><![CDATA[null
]]></system-out>
  <system-err><![CDATA[]]></system-err>
</testsuite>
